
<!DOCTYPE html>
<html lang="en">

<head>
  <meta charset="UTF-8">
  <meta name='viewport' content='width=device-width, initial-scale=1.0'>
  <title>Automation Report</title>
    <link id="style" href="resources/chaintest-pkg.css" rel="stylesheet">
  <link href="https://fonts.googleapis.com/css2?family=Roboto:ital,wght@0,100..900;1,100..900&display=swap" rel="stylesheet">
  <style></style>
</head>

<body data-bs-theme="dark">
  <nav class="navbar border-bottom">
    <div class="container d-flex justify-content-between">
      <div>
        <a class="navbar-brand" href="#">ChainTest</a>
        <span class="ms-3 fs-6">default</span>
      </div>
      <div>
        <span class="badge badge-outline text-lg"><i class="bi bi-hourglass me-1"></i> 3m 19s</span>
        <span class="badge badge-outline text-lg"><i class="bi bi-clock me-1 text-success"></i> 2025-04-19 10:01:42 PM</span>
        <span class="badge badge-outline text-lg me-3"><i class="bi bi-clock me-1 text-danger"></i> 2025-04-19 10:05:01 PM</span>
          <button role="button" id="sys-info" class="btn btn-outline-primary smaller" title="View System Info">
            <i class="bi bi-pc-display-horizontal"></i></button>
        <button role="button" id="shortcuts" class="btn btn-outline-primary smaller" title="Shortcuts">
          <i class="bi bi-info-circle"></i></button>
      </div>
    </div>
  </nav>

  <div id="summary" class="container-fluid bg-body-tertiary">
    <!-- dashboard section -->
    <div id="dashboard" class="py-5">
      <div class="container">
        <div class="row">
          <div class="col-4">
            <div class="card card-custom" style="height: 175px">
              <div class="card-header">
                Suites
              </div>
              <div class="card-body d-flex justify-content-center" style="height: 90px;">
                <div class="chart-view center" style="margin-left: -1rem;">
                  <canvas id="stats1"></canvas>
                </div>
              </div>
              <div class="card-footer small">
                <span id="sp1">0</span> Passed,
                <span id="sf1">1</span> Failed,
                <span id="ss1">0</span> Skipped
              </div>
            </div>
          </div>
          <div class="col-4">
            <div class="card card-custom" style="height: 175px">
              <div class="card-header">
                Classes
              </div>
              <div class="card-body d-flex justify-content-center" style="height: 90px;">
                <div class="chart-view center" style="margin-left: -1rem;">
                  <canvas id="stats2"></canvas>
                </div>
              </div>
              <div class="card-footer small">
                <span id="sp2">0</span> Passed,
                <span id="sf2">1</span> Failed,
                <span id="ss2">0</span> Skipped
              </div>
            </div>
          </div>
            <div class="col-4">
              <div class="card card-custom" style="height: 175px">
                <div class="card-header">
                  Methods
                </div>
                <div class="card-body d-flex justify-content-center" style="height: 90px;">
                  <div class="chart-view center" style="margin-left: -1rem;">
                    <canvas id="stats3"></canvas>
                  </div>
                </div>
                <div class="card-footer small">
                  <span id="sp3">0</span> Passed,
                  <span id="sf3">1</span> Failed,
                  <span id="ss3">5</span> Skipped
                </div>
              </div>
            </div>
        </div>
      </div>
    </div>
    <!-- /dashboard section -->

    <!-- tag section -->
    <!-- /tag section -->
  </div>

  <div class="container-fluid">
    <div class="py-3 mb-5">
      <div class="container d-flex justify-content-between">
        <div class="input-group">
          <input type="text" id="q" class="form-control border" placeholder="Search..." aria-label="Search...">
          <button class="btn border btn-sm text-success status-filter" id="passed" type="button">Passed</button>
          <button class="btn border btn-sm text-warning status-filter" id="skipped" type="button">Skipped</button>
          <button class="btn border btn-sm text-danger status-filter" id="failed" type="button">Failed</button>
          <button id="clear-filters" class="btn border btn-sm"><i class="bi bi-x-lg me-1"></i>Clear all filters</button>
          <button type="button" id="summary-toggle" class="btn border btn-sm"><i class="bi bi-toggle-on me-1"></i> Toggle Summary Section</button>
        </div>
      </div>
    </div>
      <div class="test-container failed">
        <div class="container">
          <div class="row">
            <div class="col-4">
              <h6 class="mb-3 testname fs-6 failed">Suite</h6>
              <div class="small">
                <span class="badge badge-outline"><i class="bi bi-hourglass me-1"></i> 3m 18s</span>
                <span class="badge text-bg-info"><i class="bi bi-clock me-1"></i>
                  2025-04-19 10:01:43 PM</span>
                <span class="badge text-bg-warning"><i class="bi bi-clock me-1"></i>
                  2025-04-19 10:05:01 PM</span>
              </div>
              
            </div>
            <div class="col-8">
                <div class="card mb-3 result failed">
                  <div class="card-body">
                    <div class="d-flex justify-content-between">
                      <div>
                          <i class="bi bi-exclamation-octagon-fill text-danger"></i>
                        <span class="fs-6 ms-2">testcases.loginApplication</span>
                      </div>
                      <div>
                        <span class="badge text-dark bg-light">3m 17s</span>
                      </div>
                    </div>
                    
  <div class="mt-3 border-top">
    <div class="leaf skipped pb-1 ">
      <div class="d-flex justify-content-between mt-3">
        <div>
            <i class="bi bi-exclamation-octagon-fill text-info"></i>
          <span class="fs-6 ms-2">loginWithValidCredenatials </span>
        </div>
        <div>
          <span class="badge text-dark bg-light">35s</span>
        </div>
      </div>
      <p class="desc">[admin@email.com, admin@123]</p>
        <pre class="py-2 mt-2 mb-4">org.openqa.selenium.TimeoutException: Expected condition failed: waiting for element to be clickable: By.xpath: //h2[normalize-space()='Sign I'] (tried for 30 second(s) with 500 milliseconds interval)
Build info: version: '4.28.1', revision: '73f5ad48a2'
System info: os.name: 'Windows 11', os.arch: 'amd64', os.version: '10.0', java.version: '17.0.9'
Driver info: org.openqa.selenium.chrome.ChromeDriver
Capabilities {acceptInsecureCerts: false, browserName: chrome, browserVersion: 135.0.7049.85, chrome: {chromedriverVersion: 135.0.7049.95 (de2eb485a195..., userDataDir: C:\Users\ALNILE~1\AppData\L...}, fedcm:accounts: true, goog:chromeOptions: {debuggerAddress: localhost:50882}, networkConnectionEnabled: false, pageLoadStrategy: normal, platformName: windows, proxy: Proxy(), se:cdp: ws://localhost:50882/devtoo..., se:cdpVersion: 135.0.7049.85, setWindowRect: true, strictFileInteractability: false, timeouts: {implicit: 0, pageLoad: 300000, script: 30000}, unhandledPromptBehavior: dismiss and notify, webauthn:extension:credBlob: true, webauthn:extension:largeBlob: true, webauthn:extension:minPinLength: true, webauthn:extension:prf: true, webauthn:virtualAuthenticators: true}
Session ID: 7dd8b34de11d8248fa21ebabb871525c
	at org.openqa.selenium.support.ui.WebDriverWait.timeoutException(WebDriverWait.java:84)
	at org.openqa.selenium.support.ui.FluentWait.until(FluentWait.java:228)
	at helper.Utility.checkElement(Utility.java:101)
	at pages.LoginPage.isSigninDisplayed(LoginPage.java:38)
	at testcases.loginApplication.loginWithValidCredenatials(loginApplication.java:30)
	at java.base/jdk.internal.reflect.NativeMethodAccessorImpl.invoke0(Native Method)
	at java.base/jdk.internal.reflect.NativeMethodAccessorImpl.invoke(NativeMethodAccessorImpl.java:77)
	at java.base/jdk.internal.reflect.DelegatingMethodAccessorImpl.invoke(DelegatingMethodAccessorImpl.java:43)
	at java.base/java.lang.reflect.Method.invoke(Method.java:568)
	at org.testng.internal.invokers.MethodInvocationHelper.invokeMethod(MethodInvocationHelper.java:141)
	at org.testng.internal.invokers.TestInvoker.invokeMethod(TestInvoker.java:687)
	at org.testng.internal.invokers.TestInvoker.invokeTestMethod(TestInvoker.java:230)
	at org.testng.internal.invokers.MethodRunner.runInSequence(MethodRunner.java:63)
	at org.testng.internal.invokers.TestInvoker$MethodInvocationAgent.invoke(TestInvoker.java:995)
	at org.testng.internal.invokers.TestInvoker.invokeTestMethods(TestInvoker.java:203)
	at org.testng.internal.invokers.TestMethodWorker.invokeTestMethods(TestMethodWorker.java:154)
	at org.testng.internal.invokers.TestMethodWorker.run(TestMethodWorker.java:134)
	at java.base/java.util.ArrayList.forEach(ArrayList.java:1511)
	at org.testng.TestRunner.privateRun(TestRunner.java:741)
	at org.testng.TestRunner.run(TestRunner.java:616)
	at org.testng.SuiteRunner.runTest(SuiteRunner.java:421)
	at org.testng.SuiteRunner.runSequentially(SuiteRunner.java:413)
	at org.testng.SuiteRunner.privateRun(SuiteRunner.java:373)
	at org.testng.SuiteRunner.run(SuiteRunner.java:312)
	at org.testng.SuiteRunnerWorker.runSuite(SuiteRunnerWorker.java:52)
	at org.testng.SuiteRunnerWorker.run(SuiteRunnerWorker.java:95)
	at org.testng.TestNG.runSuitesSequentially(TestNG.java:1274)
	at org.testng.TestNG.runSuitesLocally(TestNG.java:1208)
	at org.testng.TestNG.runSuites(TestNG.java:1112)
	at org.testng.TestNG.run(TestNG.java:1079)
	at org.testng.remote.AbstractRemoteTestNG.run(AbstractRemoteTestNG.java:115)
	at org.testng.remote.RemoteTestNG.initAndRun(RemoteTestNG.java:293)
	at org.testng.remote.RemoteTestNG.main(RemoteTestNG.java:91)
</pre>
        <div class="mt-3 logs ">
          <pre class="pb-0">
LOG : PASS User is able to login 
LOG PASS :  User is able to get welcome message
LOG Skipped- Test Skipped loginWithValidCredenatials
          </pre>
        </div>
    </div>
    <div class="leaf skipped pb-1 ">
      <div class="d-flex justify-content-between mt-3">
        <div>
            <i class="bi bi-exclamation-octagon-fill text-info"></i>
          <span class="fs-6 ms-2">loginWithValidCredenatials </span>
        </div>
        <div>
          <span class="badge text-dark bg-light">35s</span>
        </div>
      </div>
      <p class="desc">[admin@email.com, admin@123]</p>
        <pre class="py-2 mt-2 mb-4">org.openqa.selenium.TimeoutException: Expected condition failed: waiting for element to be clickable: By.xpath: //h2[normalize-space()='Sign I'] (tried for 30 second(s) with 500 milliseconds interval)
	at org.openqa.selenium.support.ui.WebDriverWait.timeoutException(WebDriverWait.java:84)
	at org.openqa.selenium.support.ui.FluentWait.until(FluentWait.java:228)
	at helper.Utility.checkElement(Utility.java:101)
	at pages.LoginPage.isSigninDisplayed(LoginPage.java:38)
	at testcases.loginApplication.loginWithValidCredenatials(loginApplication.java:30)
	at java.base/jdk.internal.reflect.NativeMethodAccessorImpl.invoke0(Native Method)
	at java.base/jdk.internal.reflect.NativeMethodAccessorImpl.invoke(NativeMethodAccessorImpl.java:77)
	at java.base/jdk.internal.reflect.DelegatingMethodAccessorImpl.invoke(DelegatingMethodAccessorImpl.java:43)
	at java.base/java.lang.reflect.Method.invoke(Method.java:568)
	at org.testng.internal.invokers.MethodInvocationHelper.invokeMethod(MethodInvocationHelper.java:141)
	at org.testng.internal.invokers.TestInvoker.invokeMethod(TestInvoker.java:687)
	at org.testng.internal.invokers.TestInvoker.retryFailed(TestInvoker.java:269)
	at org.testng.internal.invokers.MethodRunner.runInSequence(MethodRunner.java:76)
	at org.testng.internal.invokers.TestInvoker$MethodInvocationAgent.invoke(TestInvoker.java:995)
	at org.testng.internal.invokers.TestInvoker.invokeTestMethods(TestInvoker.java:203)
	at org.testng.internal.invokers.TestMethodWorker.invokeTestMethods(TestMethodWorker.java:154)
	at org.testng.internal.invokers.TestMethodWorker.run(TestMethodWorker.java:134)
	at java.base/java.util.ArrayList.forEach(ArrayList.java:1511)
	at org.testng.TestRunner.privateRun(TestRunner.java:741)
	at org.testng.TestRunner.run(TestRunner.java:616)
	at org.testng.SuiteRunner.runTest(SuiteRunner.java:421)
	at org.testng.SuiteRunner.runSequentially(SuiteRunner.java:413)
	at org.testng.SuiteRunner.privateRun(SuiteRunner.java:373)
	at org.testng.SuiteRunner.run(SuiteRunner.java:312)
	at org.testng.SuiteRunnerWorker.runSuite(SuiteRunnerWorker.java:52)
	at org.testng.SuiteRunnerWorker.run(SuiteRunnerWorker.java:95)
	at org.testng.TestNG.runSuitesSequentially(TestNG.java:1274)
	at org.testng.TestNG.runSuitesLocally(TestNG.java:1208)
	at org.testng.TestNG.runSuites(TestNG.java:1112)
	at org.testng.TestNG.run(TestNG.java:1079)
	at org.testng.remote.AbstractRemoteTestNG.run(AbstractRemoteTestNG.java:115)
	at org.testng.remote.RemoteTestNG.initAndRun(RemoteTestNG.java:293)
	at org.testng.remote.RemoteTestNG.main(RemoteTestNG.java:91)
Caused by: org.openqa.selenium.NoSuchWindowException: no such window: target window already closed
from unknown error: web view not found
  (Session info: chrome=135.0.7049.85)
Build info: version: '4.28.1', revision: '73f5ad48a2'
System info: os.name: 'Windows 11', os.arch: 'amd64', os.version: '10.0', java.version: '17.0.9'
Driver info: org.openqa.selenium.chrome.ChromeDriver
Command: [7dd8b34de11d8248fa21ebabb871525c, findElement {value=//h2[normalize-space()='Sign I'], using=xpath}]
Capabilities {acceptInsecureCerts: false, browserName: chrome, browserVersion: 135.0.7049.85, chrome: {chromedriverVersion: 135.0.7049.95 (de2eb485a195..., userDataDir: C:\Users\ALNILE~1\AppData\L...}, fedcm:accounts: true, goog:chromeOptions: {debuggerAddress: localhost:50882}, networkConnectionEnabled: false, pageLoadStrategy: normal, platformName: windows, proxy: Proxy(), se:cdp: ws://localhost:50882/devtoo..., se:cdpVersion: 135.0.7049.85, setWindowRect: true, strictFileInteractability: false, timeouts: {implicit: 0, pageLoad: 300000, script: 30000}, unhandledPromptBehavior: dismiss and notify, webauthn:extension:credBlob: true, webauthn:extension:largeBlob: true, webauthn:extension:minPinLength: true, webauthn:extension:prf: true, webauthn:virtualAuthenticators: true}
Session ID: 7dd8b34de11d8248fa21ebabb871525c
	at jdk.internal.reflect.GeneratedConstructorAccessor19.newInstance(Unknown Source)
	at java.base/jdk.internal.reflect.DelegatingConstructorAccessorImpl.newInstance(DelegatingConstructorAccessorImpl.java:45)
	at java.base/java.lang.reflect.Constructor.newInstanceWithCaller(Constructor.java:499)
	at java.base/java.lang.reflect.Constructor.newInstance(Constructor.java:480)
	at org.openqa.selenium.remote.ErrorCodec.decode(ErrorCodec.java:167)
	at org.openqa.selenium.remote.codec.w3c.W3CHttpResponseCodec.decode(W3CHttpResponseCodec.java:138)
	at org.openqa.selenium.remote.codec.w3c.W3CHttpResponseCodec.decode(W3CHttpResponseCodec.java:50)
	at org.openqa.selenium.remote.HttpCommandExecutor.execute(HttpCommandExecutor.java:215)
	at org.openqa.selenium.remote.service.DriverCommandExecutor.invokeExecute(DriverCommandExecutor.java:216)
	at org.openqa.selenium.remote.service.DriverCommandExecutor.execute(DriverCommandExecutor.java:174)
	at org.openqa.selenium.remote.RemoteWebDriver.execute(RemoteWebDriver.java:545)
	at org.openqa.selenium.remote.ElementLocation$ElementFinder$2.findElement(ElementLocation.java:165)
	at org.openqa.selenium.remote.ElementLocation.findElement(ElementLocation.java:59)
	at org.openqa.selenium.remote.RemoteWebDriver.findElement(RemoteWebDriver.java:368)
	at org.openqa.selenium.remote.RemoteWebDriver.findElement(RemoteWebDriver.java:362)
	at org.openqa.selenium.support.ui.ExpectedConditions$7.apply(ExpectedConditions.java:194)
	at org.openqa.selenium.support.ui.ExpectedConditions$7.apply(ExpectedConditions.java:190)
	at org.openqa.selenium.support.ui.ExpectedConditions$22.apply(ExpectedConditions.java:627)
	at org.openqa.selenium.support.ui.ExpectedConditions$22.apply(ExpectedConditions.java:624)
	at org.openqa.selenium.support.ui.FluentWait.until(FluentWait.java:203)
	... 31 more
</pre>
        <div class="mt-3 logs ">
          <pre class="pb-0">
LOG : PASS User is able to login 
LOG PASS :  User is able to get welcome message
LOG Skipped- Test Skipped loginWithValidCredenatials
          </pre>
        </div>
    </div>
    <div class="leaf skipped pb-1 ">
      <div class="d-flex justify-content-between mt-3">
        <div>
            <i class="bi bi-exclamation-octagon-fill text-info"></i>
          <span class="fs-6 ms-2">loginWithValidCredenatials </span>
        </div>
        <div>
          <span class="badge text-dark bg-light">30s</span>
        </div>
      </div>
      <p class="desc">[admin@email.com, admin@123]</p>
        <pre class="py-2 mt-2 mb-4">org.openqa.selenium.TimeoutException: Expected condition failed: waiting for element to be clickable: By.xpath: //input[@id='email1'] (tried for 30 second(s) with 500 milliseconds interval)
	at org.openqa.selenium.support.ui.WebDriverWait.timeoutException(WebDriverWait.java:84)
	at org.openqa.selenium.support.ui.FluentWait.until(FluentWait.java:228)
	at helper.Utility.checkElement(Utility.java:101)
	at helper.Utility.typeOnElement(Utility.java:96)
	at pages.LoginPage.loginToApplication(LoginPage.java:23)
	at testcases.loginApplication.loginWithValidCredenatials(loginApplication.java:23)
	at java.base/jdk.internal.reflect.NativeMethodAccessorImpl.invoke0(Native Method)
	at java.base/jdk.internal.reflect.NativeMethodAccessorImpl.invoke(NativeMethodAccessorImpl.java:77)
	at java.base/jdk.internal.reflect.DelegatingMethodAccessorImpl.invoke(DelegatingMethodAccessorImpl.java:43)
	at java.base/java.lang.reflect.Method.invoke(Method.java:568)
	at org.testng.internal.invokers.MethodInvocationHelper.invokeMethod(MethodInvocationHelper.java:141)
	at org.testng.internal.invokers.TestInvoker.invokeMethod(TestInvoker.java:687)
	at org.testng.internal.invokers.TestInvoker.retryFailed(TestInvoker.java:269)
	at org.testng.internal.invokers.MethodRunner.runInSequence(MethodRunner.java:76)
	at org.testng.internal.invokers.TestInvoker$MethodInvocationAgent.invoke(TestInvoker.java:995)
	at org.testng.internal.invokers.TestInvoker.invokeTestMethods(TestInvoker.java:203)
	at org.testng.internal.invokers.TestMethodWorker.invokeTestMethods(TestMethodWorker.java:154)
	at org.testng.internal.invokers.TestMethodWorker.run(TestMethodWorker.java:134)
	at java.base/java.util.ArrayList.forEach(ArrayList.java:1511)
	at org.testng.TestRunner.privateRun(TestRunner.java:741)
	at org.testng.TestRunner.run(TestRunner.java:616)
	at org.testng.SuiteRunner.runTest(SuiteRunner.java:421)
	at org.testng.SuiteRunner.runSequentially(SuiteRunner.java:413)
	at org.testng.SuiteRunner.privateRun(SuiteRunner.java:373)
	at org.testng.SuiteRunner.run(SuiteRunner.java:312)
	at org.testng.SuiteRunnerWorker.runSuite(SuiteRunnerWorker.java:52)
	at org.testng.SuiteRunnerWorker.run(SuiteRunnerWorker.java:95)
	at org.testng.TestNG.runSuitesSequentially(TestNG.java:1274)
	at org.testng.TestNG.runSuitesLocally(TestNG.java:1208)
	at org.testng.TestNG.runSuites(TestNG.java:1112)
	at org.testng.TestNG.run(TestNG.java:1079)
	at org.testng.remote.AbstractRemoteTestNG.run(AbstractRemoteTestNG.java:115)
	at org.testng.remote.RemoteTestNG.initAndRun(RemoteTestNG.java:293)
	at org.testng.remote.RemoteTestNG.main(RemoteTestNG.java:91)
Caused by: org.openqa.selenium.NoSuchWindowException: no such window: target window already closed
from unknown error: web view not found
  (Session info: chrome=135.0.7049.85)
Build info: version: '4.28.1', revision: '73f5ad48a2'
System info: os.name: 'Windows 11', os.arch: 'amd64', os.version: '10.0', java.version: '17.0.9'
Driver info: org.openqa.selenium.chrome.ChromeDriver
Command: [7dd8b34de11d8248fa21ebabb871525c, findElement {value=//input[@id='email1'], using=xpath}]
Capabilities {acceptInsecureCerts: false, browserName: chrome, browserVersion: 135.0.7049.85, chrome: {chromedriverVersion: 135.0.7049.95 (de2eb485a195..., userDataDir: C:\Users\ALNILE~1\AppData\L...}, fedcm:accounts: true, goog:chromeOptions: {debuggerAddress: localhost:50882}, networkConnectionEnabled: false, pageLoadStrategy: normal, platformName: windows, proxy: Proxy(), se:cdp: ws://localhost:50882/devtoo..., se:cdpVersion: 135.0.7049.85, setWindowRect: true, strictFileInteractability: false, timeouts: {implicit: 0, pageLoad: 300000, script: 30000}, unhandledPromptBehavior: dismiss and notify, webauthn:extension:credBlob: true, webauthn:extension:largeBlob: true, webauthn:extension:minPinLength: true, webauthn:extension:prf: true, webauthn:virtualAuthenticators: true}
Session ID: 7dd8b34de11d8248fa21ebabb871525c
	at jdk.internal.reflect.GeneratedConstructorAccessor19.newInstance(Unknown Source)
	at java.base/jdk.internal.reflect.DelegatingConstructorAccessorImpl.newInstance(DelegatingConstructorAccessorImpl.java:45)
	at java.base/java.lang.reflect.Constructor.newInstanceWithCaller(Constructor.java:499)
	at java.base/java.lang.reflect.Constructor.newInstance(Constructor.java:480)
	at org.openqa.selenium.remote.ErrorCodec.decode(ErrorCodec.java:167)
	at org.openqa.selenium.remote.codec.w3c.W3CHttpResponseCodec.decode(W3CHttpResponseCodec.java:138)
	at org.openqa.selenium.remote.codec.w3c.W3CHttpResponseCodec.decode(W3CHttpResponseCodec.java:50)
	at org.openqa.selenium.remote.HttpCommandExecutor.execute(HttpCommandExecutor.java:215)
	at org.openqa.selenium.remote.service.DriverCommandExecutor.invokeExecute(DriverCommandExecutor.java:216)
	at org.openqa.selenium.remote.service.DriverCommandExecutor.execute(DriverCommandExecutor.java:174)
	at org.openqa.selenium.remote.RemoteWebDriver.execute(RemoteWebDriver.java:545)
	at org.openqa.selenium.remote.ElementLocation$ElementFinder$2.findElement(ElementLocation.java:165)
	at org.openqa.selenium.remote.ElementLocation.findElement(ElementLocation.java:59)
	at org.openqa.selenium.remote.RemoteWebDriver.findElement(RemoteWebDriver.java:368)
	at org.openqa.selenium.remote.RemoteWebDriver.findElement(RemoteWebDriver.java:362)
	at org.openqa.selenium.support.ui.ExpectedConditions$7.apply(ExpectedConditions.java:194)
	at org.openqa.selenium.support.ui.ExpectedConditions$7.apply(ExpectedConditions.java:190)
	at org.openqa.selenium.support.ui.ExpectedConditions$22.apply(ExpectedConditions.java:627)
	at org.openqa.selenium.support.ui.ExpectedConditions$22.apply(ExpectedConditions.java:624)
	at org.openqa.selenium.support.ui.FluentWait.until(FluentWait.java:203)
	... 32 more
</pre>
        <div class="mt-3 logs ">
          <pre class="pb-0">
LOG Skipped- Test Skipped loginWithValidCredenatials
          </pre>
        </div>
    </div>
    <div class="leaf skipped pb-1 ">
      <div class="d-flex justify-content-between mt-3">
        <div>
            <i class="bi bi-exclamation-octagon-fill text-info"></i>
          <span class="fs-6 ms-2">loginWithValidCredenatials </span>
        </div>
        <div>
          <span class="badge text-dark bg-light">30s</span>
        </div>
      </div>
      <p class="desc">[admin@email.com, admin@123]</p>
        <pre class="py-2 mt-2 mb-4">org.openqa.selenium.TimeoutException: Expected condition failed: waiting for element to be clickable: By.xpath: //input[@id='email1'] (tried for 30 second(s) with 500 milliseconds interval)
	at org.openqa.selenium.support.ui.WebDriverWait.timeoutException(WebDriverWait.java:84)
	at org.openqa.selenium.support.ui.FluentWait.until(FluentWait.java:228)
	at helper.Utility.checkElement(Utility.java:101)
	at helper.Utility.typeOnElement(Utility.java:96)
	at pages.LoginPage.loginToApplication(LoginPage.java:23)
	at testcases.loginApplication.loginWithValidCredenatials(loginApplication.java:23)
	at java.base/jdk.internal.reflect.NativeMethodAccessorImpl.invoke0(Native Method)
	at java.base/jdk.internal.reflect.NativeMethodAccessorImpl.invoke(NativeMethodAccessorImpl.java:77)
	at java.base/jdk.internal.reflect.DelegatingMethodAccessorImpl.invoke(DelegatingMethodAccessorImpl.java:43)
	at java.base/java.lang.reflect.Method.invoke(Method.java:568)
	at org.testng.internal.invokers.MethodInvocationHelper.invokeMethod(MethodInvocationHelper.java:141)
	at org.testng.internal.invokers.TestInvoker.invokeMethod(TestInvoker.java:687)
	at org.testng.internal.invokers.TestInvoker.retryFailed(TestInvoker.java:269)
	at org.testng.internal.invokers.MethodRunner.runInSequence(MethodRunner.java:76)
	at org.testng.internal.invokers.TestInvoker$MethodInvocationAgent.invoke(TestInvoker.java:995)
	at org.testng.internal.invokers.TestInvoker.invokeTestMethods(TestInvoker.java:203)
	at org.testng.internal.invokers.TestMethodWorker.invokeTestMethods(TestMethodWorker.java:154)
	at org.testng.internal.invokers.TestMethodWorker.run(TestMethodWorker.java:134)
	at java.base/java.util.ArrayList.forEach(ArrayList.java:1511)
	at org.testng.TestRunner.privateRun(TestRunner.java:741)
	at org.testng.TestRunner.run(TestRunner.java:616)
	at org.testng.SuiteRunner.runTest(SuiteRunner.java:421)
	at org.testng.SuiteRunner.runSequentially(SuiteRunner.java:413)
	at org.testng.SuiteRunner.privateRun(SuiteRunner.java:373)
	at org.testng.SuiteRunner.run(SuiteRunner.java:312)
	at org.testng.SuiteRunnerWorker.runSuite(SuiteRunnerWorker.java:52)
	at org.testng.SuiteRunnerWorker.run(SuiteRunnerWorker.java:95)
	at org.testng.TestNG.runSuitesSequentially(TestNG.java:1274)
	at org.testng.TestNG.runSuitesLocally(TestNG.java:1208)
	at org.testng.TestNG.runSuites(TestNG.java:1112)
	at org.testng.TestNG.run(TestNG.java:1079)
	at org.testng.remote.AbstractRemoteTestNG.run(AbstractRemoteTestNG.java:115)
	at org.testng.remote.RemoteTestNG.initAndRun(RemoteTestNG.java:293)
	at org.testng.remote.RemoteTestNG.main(RemoteTestNG.java:91)
Caused by: org.openqa.selenium.NoSuchWindowException: no such window: target window already closed
from unknown error: web view not found
  (Session info: chrome=135.0.7049.85)
Build info: version: '4.28.1', revision: '73f5ad48a2'
System info: os.name: 'Windows 11', os.arch: 'amd64', os.version: '10.0', java.version: '17.0.9'
Driver info: org.openqa.selenium.chrome.ChromeDriver
Command: [7dd8b34de11d8248fa21ebabb871525c, findElement {value=//input[@id='email1'], using=xpath}]
Capabilities {acceptInsecureCerts: false, browserName: chrome, browserVersion: 135.0.7049.85, chrome: {chromedriverVersion: 135.0.7049.95 (de2eb485a195..., userDataDir: C:\Users\ALNILE~1\AppData\L...}, fedcm:accounts: true, goog:chromeOptions: {debuggerAddress: localhost:50882}, networkConnectionEnabled: false, pageLoadStrategy: normal, platformName: windows, proxy: Proxy(), se:cdp: ws://localhost:50882/devtoo..., se:cdpVersion: 135.0.7049.85, setWindowRect: true, strictFileInteractability: false, timeouts: {implicit: 0, pageLoad: 300000, script: 30000}, unhandledPromptBehavior: dismiss and notify, webauthn:extension:credBlob: true, webauthn:extension:largeBlob: true, webauthn:extension:minPinLength: true, webauthn:extension:prf: true, webauthn:virtualAuthenticators: true}
Session ID: 7dd8b34de11d8248fa21ebabb871525c
	at jdk.internal.reflect.GeneratedConstructorAccessor19.newInstance(Unknown Source)
	at java.base/jdk.internal.reflect.DelegatingConstructorAccessorImpl.newInstance(DelegatingConstructorAccessorImpl.java:45)
	at java.base/java.lang.reflect.Constructor.newInstanceWithCaller(Constructor.java:499)
	at java.base/java.lang.reflect.Constructor.newInstance(Constructor.java:480)
	at org.openqa.selenium.remote.ErrorCodec.decode(ErrorCodec.java:167)
	at org.openqa.selenium.remote.codec.w3c.W3CHttpResponseCodec.decode(W3CHttpResponseCodec.java:138)
	at org.openqa.selenium.remote.codec.w3c.W3CHttpResponseCodec.decode(W3CHttpResponseCodec.java:50)
	at org.openqa.selenium.remote.HttpCommandExecutor.execute(HttpCommandExecutor.java:215)
	at org.openqa.selenium.remote.service.DriverCommandExecutor.invokeExecute(DriverCommandExecutor.java:216)
	at org.openqa.selenium.remote.service.DriverCommandExecutor.execute(DriverCommandExecutor.java:174)
	at org.openqa.selenium.remote.RemoteWebDriver.execute(RemoteWebDriver.java:545)
	at org.openqa.selenium.remote.ElementLocation$ElementFinder$2.findElement(ElementLocation.java:165)
	at org.openqa.selenium.remote.ElementLocation.findElement(ElementLocation.java:59)
	at org.openqa.selenium.remote.RemoteWebDriver.findElement(RemoteWebDriver.java:368)
	at org.openqa.selenium.remote.RemoteWebDriver.findElement(RemoteWebDriver.java:362)
	at org.openqa.selenium.support.ui.ExpectedConditions$7.apply(ExpectedConditions.java:194)
	at org.openqa.selenium.support.ui.ExpectedConditions$7.apply(ExpectedConditions.java:190)
	at org.openqa.selenium.support.ui.ExpectedConditions$22.apply(ExpectedConditions.java:627)
	at org.openqa.selenium.support.ui.ExpectedConditions$22.apply(ExpectedConditions.java:624)
	at org.openqa.selenium.support.ui.FluentWait.until(FluentWait.java:203)
	... 32 more
</pre>
        <div class="mt-3 logs ">
          <pre class="pb-0">
LOG Skipped- Test Skipped loginWithValidCredenatials
          </pre>
        </div>
    </div>
    <div class="leaf skipped pb-1 ">
      <div class="d-flex justify-content-between mt-3">
        <div>
            <i class="bi bi-exclamation-octagon-fill text-info"></i>
          <span class="fs-6 ms-2">loginWithValidCredenatials </span>
        </div>
        <div>
          <span class="badge text-dark bg-light">30s</span>
        </div>
      </div>
      <p class="desc">[admin@email.com, admin@123]</p>
        <pre class="py-2 mt-2 mb-4">org.openqa.selenium.TimeoutException: Expected condition failed: waiting for element to be clickable: By.xpath: //input[@id='email1'] (tried for 30 second(s) with 500 milliseconds interval)
	at org.openqa.selenium.support.ui.WebDriverWait.timeoutException(WebDriverWait.java:84)
	at org.openqa.selenium.support.ui.FluentWait.until(FluentWait.java:228)
	at helper.Utility.checkElement(Utility.java:101)
	at helper.Utility.typeOnElement(Utility.java:96)
	at pages.LoginPage.loginToApplication(LoginPage.java:23)
	at testcases.loginApplication.loginWithValidCredenatials(loginApplication.java:23)
	at java.base/jdk.internal.reflect.NativeMethodAccessorImpl.invoke0(Native Method)
	at java.base/jdk.internal.reflect.NativeMethodAccessorImpl.invoke(NativeMethodAccessorImpl.java:77)
	at java.base/jdk.internal.reflect.DelegatingMethodAccessorImpl.invoke(DelegatingMethodAccessorImpl.java:43)
	at java.base/java.lang.reflect.Method.invoke(Method.java:568)
	at org.testng.internal.invokers.MethodInvocationHelper.invokeMethod(MethodInvocationHelper.java:141)
	at org.testng.internal.invokers.TestInvoker.invokeMethod(TestInvoker.java:687)
	at org.testng.internal.invokers.TestInvoker.retryFailed(TestInvoker.java:269)
	at org.testng.internal.invokers.MethodRunner.runInSequence(MethodRunner.java:76)
	at org.testng.internal.invokers.TestInvoker$MethodInvocationAgent.invoke(TestInvoker.java:995)
	at org.testng.internal.invokers.TestInvoker.invokeTestMethods(TestInvoker.java:203)
	at org.testng.internal.invokers.TestMethodWorker.invokeTestMethods(TestMethodWorker.java:154)
	at org.testng.internal.invokers.TestMethodWorker.run(TestMethodWorker.java:134)
	at java.base/java.util.ArrayList.forEach(ArrayList.java:1511)
	at org.testng.TestRunner.privateRun(TestRunner.java:741)
	at org.testng.TestRunner.run(TestRunner.java:616)
	at org.testng.SuiteRunner.runTest(SuiteRunner.java:421)
	at org.testng.SuiteRunner.runSequentially(SuiteRunner.java:413)
	at org.testng.SuiteRunner.privateRun(SuiteRunner.java:373)
	at org.testng.SuiteRunner.run(SuiteRunner.java:312)
	at org.testng.SuiteRunnerWorker.runSuite(SuiteRunnerWorker.java:52)
	at org.testng.SuiteRunnerWorker.run(SuiteRunnerWorker.java:95)
	at org.testng.TestNG.runSuitesSequentially(TestNG.java:1274)
	at org.testng.TestNG.runSuitesLocally(TestNG.java:1208)
	at org.testng.TestNG.runSuites(TestNG.java:1112)
	at org.testng.TestNG.run(TestNG.java:1079)
	at org.testng.remote.AbstractRemoteTestNG.run(AbstractRemoteTestNG.java:115)
	at org.testng.remote.RemoteTestNG.initAndRun(RemoteTestNG.java:293)
	at org.testng.remote.RemoteTestNG.main(RemoteTestNG.java:91)
Caused by: org.openqa.selenium.NoSuchWindowException: no such window: target window already closed
from unknown error: web view not found
  (Session info: chrome=135.0.7049.85)
Build info: version: '4.28.1', revision: '73f5ad48a2'
System info: os.name: 'Windows 11', os.arch: 'amd64', os.version: '10.0', java.version: '17.0.9'
Driver info: org.openqa.selenium.chrome.ChromeDriver
Command: [7dd8b34de11d8248fa21ebabb871525c, findElement {value=//input[@id='email1'], using=xpath}]
Capabilities {acceptInsecureCerts: false, browserName: chrome, browserVersion: 135.0.7049.85, chrome: {chromedriverVersion: 135.0.7049.95 (de2eb485a195..., userDataDir: C:\Users\ALNILE~1\AppData\L...}, fedcm:accounts: true, goog:chromeOptions: {debuggerAddress: localhost:50882}, networkConnectionEnabled: false, pageLoadStrategy: normal, platformName: windows, proxy: Proxy(), se:cdp: ws://localhost:50882/devtoo..., se:cdpVersion: 135.0.7049.85, setWindowRect: true, strictFileInteractability: false, timeouts: {implicit: 0, pageLoad: 300000, script: 30000}, unhandledPromptBehavior: dismiss and notify, webauthn:extension:credBlob: true, webauthn:extension:largeBlob: true, webauthn:extension:minPinLength: true, webauthn:extension:prf: true, webauthn:virtualAuthenticators: true}
Session ID: 7dd8b34de11d8248fa21ebabb871525c
	at jdk.internal.reflect.GeneratedConstructorAccessor19.newInstance(Unknown Source)
	at java.base/jdk.internal.reflect.DelegatingConstructorAccessorImpl.newInstance(DelegatingConstructorAccessorImpl.java:45)
	at java.base/java.lang.reflect.Constructor.newInstanceWithCaller(Constructor.java:499)
	at java.base/java.lang.reflect.Constructor.newInstance(Constructor.java:480)
	at org.openqa.selenium.remote.ErrorCodec.decode(ErrorCodec.java:167)
	at org.openqa.selenium.remote.codec.w3c.W3CHttpResponseCodec.decode(W3CHttpResponseCodec.java:138)
	at org.openqa.selenium.remote.codec.w3c.W3CHttpResponseCodec.decode(W3CHttpResponseCodec.java:50)
	at org.openqa.selenium.remote.HttpCommandExecutor.execute(HttpCommandExecutor.java:215)
	at org.openqa.selenium.remote.service.DriverCommandExecutor.invokeExecute(DriverCommandExecutor.java:216)
	at org.openqa.selenium.remote.service.DriverCommandExecutor.execute(DriverCommandExecutor.java:174)
	at org.openqa.selenium.remote.RemoteWebDriver.execute(RemoteWebDriver.java:545)
	at org.openqa.selenium.remote.ElementLocation$ElementFinder$2.findElement(ElementLocation.java:165)
	at org.openqa.selenium.remote.ElementLocation.findElement(ElementLocation.java:59)
	at org.openqa.selenium.remote.RemoteWebDriver.findElement(RemoteWebDriver.java:368)
	at org.openqa.selenium.remote.RemoteWebDriver.findElement(RemoteWebDriver.java:362)
	at org.openqa.selenium.support.ui.ExpectedConditions$7.apply(ExpectedConditions.java:194)
	at org.openqa.selenium.support.ui.ExpectedConditions$7.apply(ExpectedConditions.java:190)
	at org.openqa.selenium.support.ui.ExpectedConditions$22.apply(ExpectedConditions.java:627)
	at org.openqa.selenium.support.ui.ExpectedConditions$22.apply(ExpectedConditions.java:624)
	at org.openqa.selenium.support.ui.FluentWait.until(FluentWait.java:203)
	... 32 more
</pre>
        <div class="mt-3 logs ">
          <pre class="pb-0">
LOG Skipped- Test Skipped loginWithValidCredenatials
          </pre>
        </div>
    </div>
    <div class="leaf failed pb-1 ">
      <div class="d-flex justify-content-between mt-3">
        <div>
            <i class="bi bi-exclamation-octagon-fill text-danger"></i>
          <span class="fs-6 ms-2">loginWithValidCredenatials </span>
        </div>
        <div>
          <span class="badge text-dark bg-light">30s</span>
        </div>
      </div>
      <p class="desc">[admin@email.com, admin@123]</p>
        <pre class="py-2 mt-2 mb-4">org.openqa.selenium.TimeoutException: Expected condition failed: waiting for element to be clickable: By.xpath: //input[@id='email1'] (tried for 30 second(s) with 500 milliseconds interval)
	at org.openqa.selenium.support.ui.WebDriverWait.timeoutException(WebDriverWait.java:84)
	at org.openqa.selenium.support.ui.FluentWait.until(FluentWait.java:228)
	at helper.Utility.checkElement(Utility.java:101)
	at helper.Utility.typeOnElement(Utility.java:96)
	at pages.LoginPage.loginToApplication(LoginPage.java:23)
	at testcases.loginApplication.loginWithValidCredenatials(loginApplication.java:23)
	at java.base/jdk.internal.reflect.NativeMethodAccessorImpl.invoke0(Native Method)
	at java.base/jdk.internal.reflect.NativeMethodAccessorImpl.invoke(NativeMethodAccessorImpl.java:77)
	at java.base/jdk.internal.reflect.DelegatingMethodAccessorImpl.invoke(DelegatingMethodAccessorImpl.java:43)
	at java.base/java.lang.reflect.Method.invoke(Method.java:568)
	at org.testng.internal.invokers.MethodInvocationHelper.invokeMethod(MethodInvocationHelper.java:141)
	at org.testng.internal.invokers.TestInvoker.invokeMethod(TestInvoker.java:687)
	at org.testng.internal.invokers.TestInvoker.retryFailed(TestInvoker.java:269)
	at org.testng.internal.invokers.MethodRunner.runInSequence(MethodRunner.java:76)
	at org.testng.internal.invokers.TestInvoker$MethodInvocationAgent.invoke(TestInvoker.java:995)
	at org.testng.internal.invokers.TestInvoker.invokeTestMethods(TestInvoker.java:203)
	at org.testng.internal.invokers.TestMethodWorker.invokeTestMethods(TestMethodWorker.java:154)
	at org.testng.internal.invokers.TestMethodWorker.run(TestMethodWorker.java:134)
	at java.base/java.util.ArrayList.forEach(ArrayList.java:1511)
	at org.testng.TestRunner.privateRun(TestRunner.java:741)
	at org.testng.TestRunner.run(TestRunner.java:616)
	at org.testng.SuiteRunner.runTest(SuiteRunner.java:421)
	at org.testng.SuiteRunner.runSequentially(SuiteRunner.java:413)
	at org.testng.SuiteRunner.privateRun(SuiteRunner.java:373)
	at org.testng.SuiteRunner.run(SuiteRunner.java:312)
	at org.testng.SuiteRunnerWorker.runSuite(SuiteRunnerWorker.java:52)
	at org.testng.SuiteRunnerWorker.run(SuiteRunnerWorker.java:95)
	at org.testng.TestNG.runSuitesSequentially(TestNG.java:1274)
	at org.testng.TestNG.runSuitesLocally(TestNG.java:1208)
	at org.testng.TestNG.runSuites(TestNG.java:1112)
	at org.testng.TestNG.run(TestNG.java:1079)
	at org.testng.remote.AbstractRemoteTestNG.run(AbstractRemoteTestNG.java:115)
	at org.testng.remote.RemoteTestNG.initAndRun(RemoteTestNG.java:293)
	at org.testng.remote.RemoteTestNG.main(RemoteTestNG.java:91)
Caused by: org.openqa.selenium.NoSuchWindowException: no such window: target window already closed
from unknown error: web view not found
  (Session info: chrome=135.0.7049.85)
Build info: version: '4.28.1', revision: '73f5ad48a2'
System info: os.name: 'Windows 11', os.arch: 'amd64', os.version: '10.0', java.version: '17.0.9'
Driver info: org.openqa.selenium.chrome.ChromeDriver
Command: [7dd8b34de11d8248fa21ebabb871525c, findElement {value=//input[@id='email1'], using=xpath}]
Capabilities {acceptInsecureCerts: false, browserName: chrome, browserVersion: 135.0.7049.85, chrome: {chromedriverVersion: 135.0.7049.95 (de2eb485a195..., userDataDir: C:\Users\ALNILE~1\AppData\L...}, fedcm:accounts: true, goog:chromeOptions: {debuggerAddress: localhost:50882}, networkConnectionEnabled: false, pageLoadStrategy: normal, platformName: windows, proxy: Proxy(), se:cdp: ws://localhost:50882/devtoo..., se:cdpVersion: 135.0.7049.85, setWindowRect: true, strictFileInteractability: false, timeouts: {implicit: 0, pageLoad: 300000, script: 30000}, unhandledPromptBehavior: dismiss and notify, webauthn:extension:credBlob: true, webauthn:extension:largeBlob: true, webauthn:extension:minPinLength: true, webauthn:extension:prf: true, webauthn:virtualAuthenticators: true}
Session ID: 7dd8b34de11d8248fa21ebabb871525c
	at jdk.internal.reflect.GeneratedConstructorAccessor19.newInstance(Unknown Source)
	at java.base/jdk.internal.reflect.DelegatingConstructorAccessorImpl.newInstance(DelegatingConstructorAccessorImpl.java:45)
	at java.base/java.lang.reflect.Constructor.newInstanceWithCaller(Constructor.java:499)
	at java.base/java.lang.reflect.Constructor.newInstance(Constructor.java:480)
	at org.openqa.selenium.remote.ErrorCodec.decode(ErrorCodec.java:167)
	at org.openqa.selenium.remote.codec.w3c.W3CHttpResponseCodec.decode(W3CHttpResponseCodec.java:138)
	at org.openqa.selenium.remote.codec.w3c.W3CHttpResponseCodec.decode(W3CHttpResponseCodec.java:50)
	at org.openqa.selenium.remote.HttpCommandExecutor.execute(HttpCommandExecutor.java:215)
	at org.openqa.selenium.remote.service.DriverCommandExecutor.invokeExecute(DriverCommandExecutor.java:216)
	at org.openqa.selenium.remote.service.DriverCommandExecutor.execute(DriverCommandExecutor.java:174)
	at org.openqa.selenium.remote.RemoteWebDriver.execute(RemoteWebDriver.java:545)
	at org.openqa.selenium.remote.ElementLocation$ElementFinder$2.findElement(ElementLocation.java:165)
	at org.openqa.selenium.remote.ElementLocation.findElement(ElementLocation.java:59)
	at org.openqa.selenium.remote.RemoteWebDriver.findElement(RemoteWebDriver.java:368)
	at org.openqa.selenium.remote.RemoteWebDriver.findElement(RemoteWebDriver.java:362)
	at org.openqa.selenium.support.ui.ExpectedConditions$7.apply(ExpectedConditions.java:194)
	at org.openqa.selenium.support.ui.ExpectedConditions$7.apply(ExpectedConditions.java:190)
	at org.openqa.selenium.support.ui.ExpectedConditions$22.apply(ExpectedConditions.java:627)
	at org.openqa.selenium.support.ui.ExpectedConditions$22.apply(ExpectedConditions.java:624)
	at org.openqa.selenium.support.ui.FluentWait.until(FluentWait.java:203)
	... 32 more
</pre>
        <div class="mt-3 logs ">
          <pre class="pb-0">
LOG:FAIL - Test Failed loginWithValidCredenatials Expected condition failed: waiting for element to be clickable: By.xpath: //input[@id='email1'] (tried for 30 second(s) with 500 milliseconds interval)
          </pre>
        </div>
    </div>
  </div>

                  </div>
                </div>
            </div>
          </div>
        </div>
          <div class="border-bottom py-5"></div>
      </div>
  </div>

  <script>
    const stats1Annotation = {'total': 1, 'passed': 0};
    const stats1 = [
      { result: 'Passed', count: 0, bg: 'rgb(140, 197, 83)' },
      { result: 'Failed', count: 1, bg: 'rgb(233,80,113)' },
      { result: 'Skipped', count: 0, bg: 'rgb(13, 202, 240)' }
    ];
      const stats2Annotation = {'total': 1, 'passed': 0};
      const stats2 = [
        { result: 'Passed', count: 0, bg: 'rgb(140, 197, 83)' },
        { result: 'Failed', count: 1, bg: 'rgb(233,80,113)' },
        { result: 'Skipped', count: 0, bg: 'rgb(13, 202, 240)' }
      ];
      const stats3Annotation = {'total': 6, 'passed': 0};
      const stats3 = [
        { result: 'Passed', count: 0, bg: 'rgb(140, 197, 83)' },
        { result: 'Failed', count: 1, bg: 'rgb(233,80,113)' },
        { result: 'Skipped', count: 5, bg: 'rgb(13, 202, 240)' }
      ];
     
  </script>
    <script src="resources/chaintest-pkg.js"></script>

    <div id="sys-info-modal" class="modal" tabindex="-1">
      <div class="modal-dialog">
        <div class="modal-content">
          <div class="modal-header">
            <h6 class="modal-title">System</h6>
            <button type="button" class="btn-close" data-bs-dismiss="modal" aria-label="Close"
              onclick="toggleSysInfo(false)"></button>
          </div>
          <div class="modal-body">
            <table class="table">
              <tbody>
                  <tr>
                    <td>java.version</td>
                    <td>17.0.9</td>
                  </tr>
                  <tr>
                    <td>java.vm.name</td>
                    <td>OpenJDK 64-Bit Server VM</td>
                  </tr>
                  <tr>
                    <td>java.vm.vendor</td>
                    <td>Eclipse Adoptium</td>
                  </tr>
                  <tr>
                    <td>java.class.version</td>
                    <td>61.0</td>
                  </tr>
                  <tr>
                    <td>java.runtime.name</td>
                    <td>OpenJDK Runtime Environment</td>
                  </tr>
                  <tr>
                    <td>os.name</td>
                    <td>Windows 11</td>
                  </tr>
                  <tr>
                    <td>os.arch</td>
                    <td>amd64</td>
                  </tr>
                  <tr>
                    <td>os.version</td>
                    <td>10.0</td>
                  </tr>
              </tbody>
            </table>
          </div>
          <div class="modal-footer">
            <button type="button" class="btn btn-secondary" data-bs-dismiss="modal"
              onclick="toggleSysInfo(false)">Close</button>
          </div>
        </div>
      </div>
    </div>

  <div id="info-modal" class="modal" tabindex="-1">
    <div class="modal-dialog">
      <div class="modal-content">
        <div class="modal-header">
          <h6 class="modal-title">ChainTest Simple Generator - Shortcuts</h6>
          <button type="button" class="btn-close" data-bs-dismiss="modal" aria-label="Close"
            onclick="toggleInfoModal(false)"></button>
        </div>
        <div class="modal-body">
          <table class="table">
            <tbody>
                <tr>
                  <td>p</td>
                  <td>Toggle passed tests</td>
                </tr>
                <tr>
                  <td>s</td>
                  <td>Toggle skipped tests</td>
                </tr>
                <tr>
                  <td>esc</td>
                  <td>Reset all filters</td>
                </tr>
                <tr>
                  <td>L</td>
                  <td>Toggle theme (light/dark)</td>
                </tr>
                <tr>
                  <td>f</td>
                  <td>Toggle failed tests</td>
                </tr>
            </tbody>
          </table>
        </div>
        <div class="modal-footer">
          <button type="button" class="btn btn-secondary" data-bs-dismiss="modal"
            onclick="toggleInfoModal(false)">Close</button>
        </div>
      </div>
    </div>
  </div>

  <div id="attachment-modal" class="modal" tabindex="-1">
    <div class="modal-dialog modal-lg">
      <div class="modal-content">
        <div class="modal-header">
          <h6 class="modal-title">Attachment</h6>
          <button type="button" class="btn-close" data-bs-dismiss="modal" aria-label="Close"
            onclick="toggleAttachmentModal(false)"></button>
        </div>
        <div class="modal-body">
          <img src="" />
        </div>
        <div class="modal-footer">
          <button type="button" class="btn btn-secondary" data-bs-dismiss="modal"
            onclick="toggleAttachmentModal(false)">Close</button>
        </div>
      </div>
    </div>
  </div>

</body>

</html>